Not searching for unused variables given on the command line.
[36m--[0m The C compiler identification is GNU 9.4.0
[36m--[0m The CXX compiler identification is GNU 9.4.0
[36m--[0m Check for working C compiler: /usr/bin/cc
[36m--[0m Check for working C compiler: /usr/bin/cc -- works
[36m--[0m Detecting C compiler ABI info
[36m--[0m Detecting C compiler ABI info - done
[36m--[0m Detecting C compile features
[36m--[0m Detecting C compile features - done
[36m--[0m Check for working CXX compiler: /usr/bin/c++
[36m--[0m Check for working CXX compiler: /usr/bin/c++ -- works
[36m--[0m Detecting CXX compiler ABI info
[36m--[0m Detecting CXX compiler ABI info - done
[36m--[0m Detecting CXX compile features
[36m--[0m Detecting CXX compile features - done
[36m--[0m Using CATKIN_DEVEL_PREFIX: /home/li/kkfly_backup_ordner/kkfly/catkin_ws/devel/.private/depth_image_proc
[36m--[0m Using CMAKE_PREFIX_PATH: /home/li/kkfly_backup_ordner/kkfly/catkin_ws/devel;/home/li/catkin_ws/devel_isolated/tf2_tools;/home/li/catkin_ws/devel_isolated/tf2_sensor_msgs;/home/li/catkin_ws/devel_isolated/test_tf2;/home/li/catkin_ws/devel_isolated/tf2_kdl;/home/li/catkin_ws/devel_isolated/tf2_geometry_msgs;/home/li/catkin_ws/devel_isolated/tf2_ros;/home/li/catkin_ws/devel_isolated/tf2_py;/home/li/catkin_ws/devel_isolated/tf2_eigen;/home/li/catkin_ws/devel_isolated/tf2_bullet;/home/li/catkin_ws/devel_isolated/tf2;/home/li/catkin_ws/devel_isolated/tf2_msgs;/home/li/catkin_ws/devel_isolated/mav_trajectory_generation_example;/home/li/catkin_ws/devel_isolated/mav_trajectory_generation_ros;/home/li/catkin_ws/devel_isolated/mav_trajectory_generation;/home/li/catkin_ws/devel_isolated/mav_system_msgs;/home/li/catkin_ws/devel_isolated/mav_state_machine_msgs;/home/li/catkin_ws/devel_isolated/mav_planning_msgs;/home/li/catkin_ws/devel_isolated/mav_msgs;/home/li/catkin_ws/devel_isolated/map_msgs;/home/li/catkin_ws/devel_isolated/std_msgs;/home/li/catkin_ws/devel_isolated/robot_pkg;/home/li/catkin_ws/devel_isolated/nlopt;/home/li/catkin_ws/devel_isolated/move_base_msgs;/home/li/catkin_ws/devel_isolated/mav_visualization;/home/li/catkin_ws/devel_isolated/mav_comm;/home/li/catkin_ws/devel_isolated/eigen_checks;/home/li/catkin_ws/devel_isolated/glog_catkin;/home/li/catkin_ws/devel_isolated/geometry2;/home/li/catkin_ws/devel_isolated/exploration_msgs;/home/li/catkin_ws/devel_isolated/eigen_catkin;/home/li/catkin_ws/devel_isolated/catkin_simple;/opt/ros/noetic;/home/li/nav2_ws/install/nav2_system_tests;/home/li/nav2_ws/install/nav2_bringup;/home/li/nav2_ws/install/navigation2;/home/li/nav2_ws/install/smac_planner;/home/li/nav2_ws/install/nav2_dwb_controller;/home/li/nav2_ws/install/nav2_controller;/home/li/nav2_ws/install/dwb_plugins;/home/li/nav2_ws/install/dwb_critics;/home/li/nav2_ws/install/dwb_core;/home/li/nav2_ws/install/nav_2d_utils;/home/li/nav2_ws/install/dwb_msgs;/home/li/nav2_ws/install/nav_2d_msgs;/home/li/nav2_ws/install/nav2_waypoint_follower;/home/li/nav2_ws/install/nav2_regulated_pure_pursuit_controller;/home/li/nav2_ws/install/nav2_recoveries;/home/li/nav2_ws/install/nav2_planner;/home/li/nav2_ws/install/nav2_navfn_planner;/home/li/nav2_ws/install/nav2_core;/home/li/nav2_ws/install/costmap_queue;/home/li/nav2_ws/install/nav2_costmap_2d;/home/li/nav2_ws/install/nav2_voxel_grid;/home/li/nav2_ws/install/nav2_rviz_plugins;/home/li/nav2_ws/install/nav2_map_server;/home/li/nav2_ws/install/nav2_lifecycle_manager;/home/li/nav2_ws/install/nav2_bt_navigator;/home/li/nav2_ws/install/nav2_behavior_tree;/home/li/nav2_ws/install/nav2_amcl;/home/li/nav2_ws/install/nav2_util;/home/li/nav2_ws/install/nav2_msgs;/home/li/nav2_ws/install/nav2_common
[36m--[0m This workspace overlays: /home/li/kkfly_backup_ordner/kkfly/catkin_ws/devel;/home/li/catkin_ws/devel_isolated/tf2_tools;/home/li/catkin_ws/devel_isolated/tf2_sensor_msgs;/home/li/catkin_ws/devel_isolated/test_tf2;/home/li/catkin_ws/devel_isolated/tf2_kdl;/home/li/catkin_ws/devel_isolated/tf2_geometry_msgs;/home/li/catkin_ws/devel_isolated/tf2_ros;/home/li/catkin_ws/devel_isolated/tf2_py;/home/li/catkin_ws/devel_isolated/tf2_eigen;/home/li/catkin_ws/devel_isolated/tf2_bullet;/home/li/catkin_ws/devel_isolated/tf2;/home/li/catkin_ws/devel_isolated/tf2_msgs;/home/li/catkin_ws/devel_isolated/mav_trajectory_generation_example;/home/li/catkin_ws/devel_isolated/mav_trajectory_generation_ros;/home/li/catkin_ws/devel_isolated/mav_trajectory_generation;/home/li/catkin_ws/devel_isolated/mav_system_msgs;/home/li/catkin_ws/devel_isolated/mav_state_machine_msgs;/home/li/catkin_ws/devel_isolated/mav_planning_msgs;/home/li/catkin_ws/devel_isolated/mav_msgs;/home/li/catkin_ws/devel_isolated/map_msgs;/home/li/catkin_ws/devel_isolated/std_msgs;/home/li/catkin_ws/devel_isolated/robot_pkg;/home/li/catkin_ws/devel_isolated/nlopt;/home/li/catkin_ws/devel_isolated/move_base_msgs;/home/li/catkin_ws/devel_isolated/mav_visualization;/home/li/catkin_ws/devel_isolated/mav_comm;/home/li/catkin_ws/devel_isolated/eigen_checks;/home/li/catkin_ws/devel_isolated/glog_catkin;/home/li/catkin_ws/devel_isolated/geometry2;/home/li/catkin_ws/devel_isolated/exploration_msgs;/home/li/catkin_ws/devel_isolated/eigen_catkin;/home/li/catkin_ws/devel_isolated/catkin_simple;/opt/ros/noetic
[36m--[0m Found PythonInterp: /usr/bin/python3 (found suitable version "3.8.10", minimum required is "3")
[36m--[0m Using PYTHON_EXECUTABLE: /usr/bin/python3
[36m--[0m Using Debian Python package layout
[36m--[0m Found PY_em: /usr/lib/python3/dist-packages/em.py
[36m--[0m Using empy: /usr/lib/python3/dist-packages/em.py
[36m--[0m Using CATKIN_ENABLE_TESTING: ON
[36m--[0m Call enable_testing()
[36m--[0m Using CATKIN_TEST_RESULTS_DIR: /home/li/kkfly_backup_ordner/kkfly/catkin_ws/build/depth_image_proc/test_results
[36m--[0m Forcing gtest/gmock from source, though one was otherwise available.
[36m--[0m Found gtest sources under '/usr/src/googletest': gtests will be built
[36m--[0m Found gmock sources under '/usr/src/googletest': gmock will be built
[36m--[0m Found PythonInterp: /usr/bin/python3 (found version "3.8.10")
[36m--[0m Found Threads: TRUE
[36m--[0m Using Python nosetests: /usr/bin/nosetests3
[36m--[0m catkin 0.8.10
[36m--[0m BUILD_SHARED_LIBS is on
[36m--[0m Using these message generators: gencpp;geneus;genlisp;gennodejs;genpy
[36m--[0m Found Boost: /usr/lib/x86_64-linux-gnu/cmake/Boost-1.71.0/BoostConfig.cmake (found version "1.71.0")
[36m--[0m Found OpenCV: /usr (found version "4.2.0")
[36m--[0m Configuring done
[36m--[0m Generating done
[36m--[0m Build files have been written to: /home/li/kkfly_backup_ordner/kkfly/catkin_ws/build/depth_image_proc
