Symlinking /home/li/kkfly_backup_ordner/kkfly/catkin_ws/devel/lib/libsocket.so
Symlinking /home/li/kkfly_backup_ordner/kkfly/catkin_ws/devel/lib/libsocket++.so
Symlinking /home/li/kkfly_backup_ordner/kkfly/catkin_ws/devel/lib/libtcpstreamreader.so
Symlinking /home/li/kkfly_backup_ordner/kkfly/catkin_ws/devel/lib/libtcpimage.so
Symlinking /home/li/kkfly_backup_ordner/kkfly/catkin_ws/devel/lib/pkgconfig/simulation.pc
Symlinking /home/li/kkfly_backup_ordner/kkfly/catkin_ws/devel/lib/simulation/state_estimate_corruptor_node
Symlinking /home/li/kkfly_backup_ordner/kkfly/catkin_ws/devel/lib/simulation/FPSdemo1.x86_64
Symlinking /home/li/kkfly_backup_ordner/kkfly/catkin_ws/devel/lib/simulation/LinuxPlayer_s.debug
Symlinking /home/li/kkfly_backup_ordner/kkfly/catkin_ws/devel/lib/simulation/UnityPlayer.so
Symlinking /home/li/kkfly_backup_ordner/kkfly/catkin_ws/devel/lib/simulation/UnityPlayer_s.debug
Symlinking /home/li/kkfly_backup_ordner/kkfly/catkin_ws/devel/lib/simulation/w_to_unity
Symlinking /home/li/kkfly_backup_ordner/kkfly/catkin_ws/devel/lib/simulation/unity_ros
Symlinking /home/li/kkfly_backup_ordner/kkfly/catkin_ws/devel/lib/simulation/FPSdemo1_Data/sharedassets0.assets
Symlinking /home/li/kkfly_backup_ordner/kkfly/catkin_ws/devel/lib/simulation/FPSdemo1_Data/globalgamemanagers.assets
Symlinking /home/li/kkfly_backup_ordner/kkfly/catkin_ws/devel/lib/simulation/FPSdemo1_Data/boot.config
Symlinking /home/li/kkfly_backup_ordner/kkfly/catkin_ws/devel/lib/simulation/FPSdemo1_Data/RuntimeInitializeOnLoads.json
Symlinking /home/li/kkfly_backup_ordner/kkfly/catkin_ws/devel/lib/simulation/FPSdemo1_Data/level0.resS
Symlinking /home/li/kkfly_backup_ordner/kkfly/catkin_ws/devel/lib/simulation/FPSdemo1_Data/level0
Symlinking /home/li/kkfly_backup_ordner/kkfly/catkin_ws/devel/lib/simulation/FPSdemo1_Data/ScriptingAssemblies.json
Symlinking /home/li/kkfly_backup_ordner/kkfly/catkin_ws/devel/lib/simulation/FPSdemo1_Data/globalgamemanagers
Symlinking /home/li/kkfly_backup_ordner/kkfly/catkin_ws/devel/lib/simulation/FPSdemo1_Data/sharedassets0.assets.resS
Symlinking /home/li/kkfly_backup_ordner/kkfly/catkin_ws/devel/lib/simulation/FPSdemo1_Data/app.info
Symlinking /home/li/kkfly_backup_ordner/kkfly/catkin_ws/devel/lib/simulation/FPSdemo1_Data/Managed/UnityEngine.AIModule.dll
Symlinking /home/li/kkfly_backup_ordner/kkfly/catkin_ws/devel/lib/simulation/FPSdemo1_Data/Managed/UnityEngine.AccessibilityModule.dll
Symlinking /home/li/kkfly_backup_ordner/kkfly/catkin_ws/devel/lib/simulation/FPSdemo1_Data/Managed/UnityEngine.AndroidJNIModule.dll
Symlinking /home/li/kkfly_backup_ordner/kkfly/catkin_ws/devel/lib/simulation/FPSdemo1_Data/Managed/UnityEngine.AnimationModule.dll
Symlinking /home/li/kkfly_backup_ordner/kkfly/catkin_ws/devel/lib/simulation/FPSdemo1_Data/Managed/UnityEngine.AssetBundleModule.dll
Symlinking /home/li/kkfly_backup_ordner/kkfly/catkin_ws/devel/lib/simulation/FPSdemo1_Data/Managed/UnityEngine.AudioModule.dll
Symlinking /home/li/kkfly_backup_ordner/kkfly/catkin_ws/devel/lib/simulation/FPSdemo1_Data/Managed/UnityEngine.ClothModule.dll
Symlinking /home/li/kkfly_backup_ordner/kkfly/catkin_ws/devel/lib/simulation/FPSdemo1_Data/Managed/UnityEngine.ClusterInputModule.dll
Symlinking /home/li/kkfly_backup_ordner/kkfly/catkin_ws/devel/lib/simulation/FPSdemo1_Data/Managed/UnityEngine.ClusterRendererModule.dll
Symlinking /home/li/kkfly_backup_ordner/kkfly/catkin_ws/devel/lib/simulation/FPSdemo1_Data/Managed/UnityEngine.CoreModule.dll
Symlinking /home/li/kkfly_backup_ordner/kkfly/catkin_ws/devel/lib/simulation/FPSdemo1_Data/Managed/UnityEngine.CrashReportingModule.dll
Symlinking /home/li/kkfly_backup_ordner/kkfly/catkin_ws/devel/lib/simulation/FPSdemo1_Data/Managed/UnityEngine.DSPGraphModule.dll
Symlinking /home/li/kkfly_backup_ordner/kkfly/catkin_ws/devel/lib/simulation/FPSdemo1_Data/Managed/UnityEngine.DirectorModule.dll
Symlinking /home/li/kkfly_backup_ordner/kkfly/catkin_ws/devel/lib/simulation/FPSdemo1_Data/Managed/UnityEngine.GIModule.dll
Symlinking /home/li/kkfly_backup_ordner/kkfly/catkin_ws/devel/lib/simulation/FPSdemo1_Data/Managed/UnityEngine.GameCenterModule.dll
Symlinking /home/li/kkfly_backup_ordner/kkfly/catkin_ws/devel/lib/simulation/FPSdemo1_Data/Managed/UnityEngine.GridModule.dll
Symlinking /home/li/kkfly_backup_ordner/kkfly/catkin_ws/devel/lib/simulation/FPSdemo1_Data/Managed/UnityEngine.HotReloadModule.dll
Symlinking /home/li/kkfly_backup_ordner/kkfly/catkin_ws/devel/lib/simulation/FPSdemo1_Data/Managed/UnityEngine.IMGUIModule.dll
Symlinking /home/li/kkfly_backup_ordner/kkfly/catkin_ws/devel/lib/simulation/FPSdemo1_Data/Managed/UnityEngine.ImageConversionModule.dll
Symlinking /home/li/kkfly_backup_ordner/kkfly/catkin_ws/devel/lib/simulation/FPSdemo1_Data/Managed/UnityEngine.InputLegacyModule.dll
Symlinking /home/li/kkfly_backup_ordner/kkfly/catkin_ws/devel/lib/simulation/FPSdemo1_Data/Managed/UnityEngine.InputModule.dll
Symlinking /home/li/kkfly_backup_ordner/kkfly/catkin_ws/devel/lib/simulation/FPSdemo1_Data/Managed/UnityEngine.JSONSerializeModule.dll
Symlinking /home/li/kkfly_backup_ordner/kkfly/catkin_ws/devel/lib/simulation/FPSdemo1_Data/Managed/UnityEngine.LocalizationModule.dll
Symlinking /home/li/kkfly_backup_ordner/kkfly/catkin_ws/devel/lib/simulation/FPSdemo1_Data/Managed/UnityEngine.ParticleSystemModule.dll
Symlinking /home/li/kkfly_backup_ordner/kkfly/catkin_ws/devel/lib/simulation/FPSdemo1_Data/Managed/UnityEngine.PerformanceReportingModule.dll
Symlinking /home/li/kkfly_backup_ordner/kkfly/catkin_ws/devel/lib/simulation/FPSdemo1_Data/Managed/UnityEngine.Physics2DModule.dll
Symlinking /home/li/kkfly_backup_ordner/kkfly/catkin_ws/devel/lib/simulation/FPSdemo1_Data/Managed/UnityEngine.PhysicsModule.dll
Symlinking /home/li/kkfly_backup_ordner/kkfly/catkin_ws/devel/lib/simulation/FPSdemo1_Data/Managed/UnityEngine.ProfilerModule.dll
Symlinking /home/li/kkfly_backup_ordner/kkfly/catkin_ws/devel/lib/simulation/FPSdemo1_Data/Managed/UnityEngine.RuntimeInitializeOnLoadManagerInitializerModule.dll
Symlinking /home/li/kkfly_backup_ordner/kkfly/catkin_ws/devel/lib/simulation/FPSdemo1_Data/Managed/UnityEngine.ScreenCaptureModule.dll
Symlinking /home/li/kkfly_backup_ordner/kkfly/catkin_ws/devel/lib/simulation/FPSdemo1_Data/Managed/UnityEngine.SharedInternalsModule.dll
Symlinking /home/li/kkfly_backup_ordner/kkfly/catkin_ws/devel/lib/simulation/FPSdemo1_Data/Managed/UnityEngine.SpriteMaskModule.dll
Symlinking /home/li/kkfly_backup_ordner/kkfly/catkin_ws/devel/lib/simulation/FPSdemo1_Data/Managed/UnityEngine.SpriteShapeModule.dll
Symlinking /home/li/kkfly_backup_ordner/kkfly/catkin_ws/devel/lib/simulation/FPSdemo1_Data/Managed/UnityEngine.StreamingModule.dll
Symlinking /home/li/kkfly_backup_ordner/kkfly/catkin_ws/devel/lib/simulation/FPSdemo1_Data/Managed/UnityEngine.SubstanceModule.dll
Symlinking /home/li/kkfly_backup_ordner/kkfly/catkin_ws/devel/lib/simulation/FPSdemo1_Data/Managed/UnityEngine.SubsystemsModule.dll
Symlinking /home/li/kkfly_backup_ordner/kkfly/catkin_ws/devel/lib/simulation/FPSdemo1_Data/Managed/UnityEngine.TLSModule.dll
Symlinking /home/li/kkfly_backup_ordner/kkfly/catkin_ws/devel/lib/simulation/FPSdemo1_Data/Managed/UnityEngine.TerrainModule.dll
Symlinking /home/li/kkfly_backup_ordner/kkfly/catkin_ws/devel/lib/simulation/FPSdemo1_Data/Managed/UnityEngine.TerrainPhysicsModule.dll
Symlinking /home/li/kkfly_backup_ordner/kkfly/catkin_ws/devel/lib/simulation/FPSdemo1_Data/Managed/UnityEngine.TextCoreModule.dll
Symlinking /home/li/kkfly_backup_ordner/kkfly/catkin_ws/devel/lib/simulation/FPSdemo1_Data/Managed/UnityEngine.TextRenderingModule.dll
Symlinking /home/li/kkfly_backup_ordner/kkfly/catkin_ws/devel/lib/simulation/FPSdemo1_Data/Managed/UnityEngine.TilemapModule.dll
Symlinking /home/li/kkfly_backup_ordner/kkfly/catkin_ws/devel/lib/simulation/FPSdemo1_Data/Managed/UnityEngine.UIElementsModule.dll
Symlinking /home/li/kkfly_backup_ordner/kkfly/catkin_ws/devel/lib/simulation/FPSdemo1_Data/Managed/UnityEngine.UIElementsNativeModule.dll
Symlinking /home/li/kkfly_backup_ordner/kkfly/catkin_ws/devel/lib/simulation/FPSdemo1_Data/Managed/UnityEngine.UIModule.dll
Symlinking /home/li/kkfly_backup_ordner/kkfly/catkin_ws/devel/lib/simulation/FPSdemo1_Data/Managed/UnityEngine.UNETModule.dll
Symlinking /home/li/kkfly_backup_ordner/kkfly/catkin_ws/devel/lib/simulation/FPSdemo1_Data/Managed/UnityEngine.UmbraModule.dll
Symlinking /home/li/kkfly_backup_ordner/kkfly/catkin_ws/devel/lib/simulation/FPSdemo1_Data/Managed/UnityEngine.UnityAnalyticsModule.dll
Symlinking /home/li/kkfly_backup_ordner/kkfly/catkin_ws/devel/lib/simulation/FPSdemo1_Data/Managed/UnityEngine.UnityConnectModule.dll
Symlinking /home/li/kkfly_backup_ordner/kkfly/catkin_ws/devel/lib/simulation/FPSdemo1_Data/Managed/UnityEngine.UnityCurlModule.dll
Symlinking /home/li/kkfly_backup_ordner/kkfly/catkin_ws/devel/lib/simulation/FPSdemo1_Data/Managed/UnityEngine.UnityTestProtocolModule.dll
Symlinking /home/li/kkfly_backup_ordner/kkfly/catkin_ws/devel/lib/simulation/FPSdemo1_Data/Managed/UnityEngine.UnityWebRequestAssetBundleModule.dll
Symlinking /home/li/kkfly_backup_ordner/kkfly/catkin_ws/devel/lib/simulation/FPSdemo1_Data/Managed/UnityEngine.UnityWebRequestAudioModule.dll
Symlinking /home/li/kkfly_backup_ordner/kkfly/catkin_ws/devel/lib/simulation/FPSdemo1_Data/Managed/UnityEngine.UnityWebRequestModule.dll
Symlinking /home/li/kkfly_backup_ordner/kkfly/catkin_ws/devel/lib/simulation/FPSdemo1_Data/Managed/UnityEngine.UnityWebRequestTextureModule.dll
Symlinking /home/li/kkfly_backup_ordner/kkfly/catkin_ws/devel/lib/simulation/FPSdemo1_Data/Managed/UnityEngine.UnityWebRequestWWWModule.dll
Symlinking /home/li/kkfly_backup_ordner/kkfly/catkin_ws/devel/lib/simulation/FPSdemo1_Data/Managed/UnityEngine.VFXModule.dll
Symlinking /home/li/kkfly_backup_ordner/kkfly/catkin_ws/devel/lib/simulation/FPSdemo1_Data/Managed/UnityEngine.VRModule.dll
Symlinking /home/li/kkfly_backup_ordner/kkfly/catkin_ws/devel/lib/simulation/FPSdemo1_Data/Managed/UnityEngine.VehiclesModule.dll
Symlinking /home/li/kkfly_backup_ordner/kkfly/catkin_ws/devel/lib/simulation/FPSdemo1_Data/Managed/UnityEngine.VideoModule.dll
Symlinking /home/li/kkfly_backup_ordner/kkfly/catkin_ws/devel/lib/simulation/FPSdemo1_Data/Managed/UnityEngine.VirtualTexturingModule.dll
Symlinking /home/li/kkfly_backup_ordner/kkfly/catkin_ws/devel/lib/simulation/FPSdemo1_Data/Managed/UnityEngine.WindModule.dll
Symlinking /home/li/kkfly_backup_ordner/kkfly/catkin_ws/devel/lib/simulation/FPSdemo1_Data/Managed/UnityEngine.XRModule.dll
Symlinking /home/li/kkfly_backup_ordner/kkfly/catkin_ws/devel/lib/simulation/FPSdemo1_Data/Managed/UnityEngine.dll
Symlinking /home/li/kkfly_backup_ordner/kkfly/catkin_ws/devel/lib/simulation/FPSdemo1_Data/Managed/Assembly-CSharp.dll
Symlinking /home/li/kkfly_backup_ordner/kkfly/catkin_ws/devel/lib/simulation/FPSdemo1_Data/Managed/Unity.Timeline.dll
Symlinking /home/li/kkfly_backup_ordner/kkfly/catkin_ws/devel/lib/simulation/FPSdemo1_Data/Managed/Unity.TextMeshPro.dll
Symlinking /home/li/kkfly_backup_ordner/kkfly/catkin_ws/devel/lib/simulation/FPSdemo1_Data/Managed/UnityEngine.UI.dll
Symlinking /home/li/kkfly_backup_ordner/kkfly/catkin_ws/devel/lib/simulation/FPSdemo1_Data/Managed/JBooth.MicroSplat.Core.dll
Symlinking /home/li/kkfly_backup_ordner/kkfly/catkin_ws/devel/lib/simulation/FPSdemo1_Data/Managed/System.Diagnostics.StackTrace.dll
Symlinking /home/li/kkfly_backup_ordner/kkfly/catkin_ws/devel/lib/simulation/FPSdemo1_Data/Managed/System.Globalization.Extensions.dll
Symlinking /home/li/kkfly_backup_ordner/kkfly/catkin_ws/devel/lib/simulation/FPSdemo1_Data/Managed/System.Runtime.Serialization.Xml.dll
Symlinking /home/li/kkfly_backup_ordner/kkfly/catkin_ws/devel/lib/simulation/FPSdemo1_Data/Managed/System.Xml.XPath.XDocument.dll
Symlinking /home/li/kkfly_backup_ordner/kkfly/catkin_ws/devel/lib/simulation/FPSdemo1_Data/Managed/netstandard.dll
Symlinking /home/li/kkfly_backup_ordner/kkfly/catkin_ws/devel/lib/simulation/FPSdemo1_Data/Managed/Mono.Security.dll
Symlinking /home/li/kkfly_backup_ordner/kkfly/catkin_ws/devel/lib/simulation/FPSdemo1_Data/Managed/System.ComponentModel.Composition.dll
Symlinking /home/li/kkfly_backup_ordner/kkfly/catkin_ws/devel/lib/simulation/FPSdemo1_Data/Managed/System.Configuration.dll
Symlinking /home/li/kkfly_backup_ordner/kkfly/catkin_ws/devel/lib/simulation/FPSdemo1_Data/Managed/System.Core.dll
Symlinking /home/li/kkfly_backup_ordner/kkfly/catkin_ws/devel/lib/simulation/FPSdemo1_Data/Managed/System.Data.dll
Symlinking /home/li/kkfly_backup_ordner/kkfly/catkin_ws/devel/lib/simulation/FPSdemo1_Data/Managed/System.Drawing.dll
Symlinking /home/li/kkfly_backup_ordner/kkfly/catkin_ws/devel/lib/simulation/FPSdemo1_Data/Managed/System.EnterpriseServices.dll
Symlinking /home/li/kkfly_backup_ordner/kkfly/catkin_ws/devel/lib/simulation/FPSdemo1_Data/Managed/System.IO.Compression.FileSystem.dll
Symlinking /home/li/kkfly_backup_ordner/kkfly/catkin_ws/devel/lib/simulation/FPSdemo1_Data/Managed/System.IO.Compression.dll
Symlinking /home/li/kkfly_backup_ordner/kkfly/catkin_ws/devel/lib/simulation/FPSdemo1_Data/Managed/System.Net.Http.dll
Symlinking /home/li/kkfly_backup_ordner/kkfly/catkin_ws/devel/lib/simulation/FPSdemo1_Data/Managed/System.Numerics.dll
Symlinking /home/li/kkfly_backup_ordner/kkfly/catkin_ws/devel/lib/simulation/FPSdemo1_Data/Managed/System.Runtime.Serialization.dll
Symlinking /home/li/kkfly_backup_ordner/kkfly/catkin_ws/devel/lib/simulation/FPSdemo1_Data/Managed/System.ServiceModel.Internals.dll
Symlinking /home/li/kkfly_backup_ordner/kkfly/catkin_ws/devel/lib/simulation/FPSdemo1_Data/Managed/System.dll
Symlinking /home/li/kkfly_backup_ordner/kkfly/catkin_ws/devel/lib/simulation/FPSdemo1_Data/Managed/System.Transactions.dll
Symlinking /home/li/kkfly_backup_ordner/kkfly/catkin_ws/devel/lib/simulation/FPSdemo1_Data/Managed/System.Xml.Linq.dll
Symlinking /home/li/kkfly_backup_ordner/kkfly/catkin_ws/devel/lib/simulation/FPSdemo1_Data/Managed/System.Xml.dll
Symlinking /home/li/kkfly_backup_ordner/kkfly/catkin_ws/devel/lib/simulation/FPSdemo1_Data/Managed/mscorlib.dll
Symlinking /home/li/kkfly_backup_ordner/kkfly/catkin_ws/devel/lib/simulation/FPSdemo1_Data/Resources/unity_builtin_extra
Symlinking /home/li/kkfly_backup_ordner/kkfly/catkin_ws/devel/lib/simulation/FPSdemo1_Data/Resources/unity default resources
Symlinking /home/li/kkfly_backup_ordner/kkfly/catkin_ws/devel/lib/simulation/FPSdemo1_Data/Resources/UnityPlayer.png
Symlinking /home/li/kkfly_backup_ordner/kkfly/catkin_ws/devel/lib/simulation/FPSdemo1_Data/MonoBleedingEdge/etc/mono/browscap.ini
Symlinking /home/li/kkfly_backup_ordner/kkfly/catkin_ws/devel/lib/simulation/FPSdemo1_Data/MonoBleedingEdge/etc/mono/config
Symlinking /home/li/kkfly_backup_ordner/kkfly/catkin_ws/devel/lib/simulation/FPSdemo1_Data/MonoBleedingEdge/etc/mono/2.0/DefaultWsdlHelpGenerator.aspx
Symlinking /home/li/kkfly_backup_ordner/kkfly/catkin_ws/devel/lib/simulation/FPSdemo1_Data/MonoBleedingEdge/etc/mono/2.0/machine.config
Symlinking /home/li/kkfly_backup_ordner/kkfly/catkin_ws/devel/lib/simulation/FPSdemo1_Data/MonoBleedingEdge/etc/mono/2.0/settings.map
Symlinking /home/li/kkfly_backup_ordner/kkfly/catkin_ws/devel/lib/simulation/FPSdemo1_Data/MonoBleedingEdge/etc/mono/2.0/web.config
Symlinking /home/li/kkfly_backup_ordner/kkfly/catkin_ws/devel/lib/simulation/FPSdemo1_Data/MonoBleedingEdge/etc/mono/2.0/Browsers/Compat.browser
Symlinking /home/li/kkfly_backup_ordner/kkfly/catkin_ws/devel/lib/simulation/FPSdemo1_Data/MonoBleedingEdge/etc/mono/4.5/DefaultWsdlHelpGenerator.aspx
Symlinking /home/li/kkfly_backup_ordner/kkfly/catkin_ws/devel/lib/simulation/FPSdemo1_Data/MonoBleedingEdge/etc/mono/4.5/machine.config
Symlinking /home/li/kkfly_backup_ordner/kkfly/catkin_ws/devel/lib/simulation/FPSdemo1_Data/MonoBleedingEdge/etc/mono/4.5/settings.map
Symlinking /home/li/kkfly_backup_ordner/kkfly/catkin_ws/devel/lib/simulation/FPSdemo1_Data/MonoBleedingEdge/etc/mono/4.5/web.config
Symlinking /home/li/kkfly_backup_ordner/kkfly/catkin_ws/devel/lib/simulation/FPSdemo1_Data/MonoBleedingEdge/etc/mono/4.5/Browsers/Compat.browser
Symlinking /home/li/kkfly_backup_ordner/kkfly/catkin_ws/devel/lib/simulation/FPSdemo1_Data/MonoBleedingEdge/etc/mono/4.0/DefaultWsdlHelpGenerator.aspx
Symlinking /home/li/kkfly_backup_ordner/kkfly/catkin_ws/devel/lib/simulation/FPSdemo1_Data/MonoBleedingEdge/etc/mono/4.0/machine.config
Symlinking /home/li/kkfly_backup_ordner/kkfly/catkin_ws/devel/lib/simulation/FPSdemo1_Data/MonoBleedingEdge/etc/mono/4.0/settings.map
Symlinking /home/li/kkfly_backup_ordner/kkfly/catkin_ws/devel/lib/simulation/FPSdemo1_Data/MonoBleedingEdge/etc/mono/4.0/web.config
Symlinking /home/li/kkfly_backup_ordner/kkfly/catkin_ws/devel/lib/simulation/FPSdemo1_Data/MonoBleedingEdge/etc/mono/4.0/Browsers/Compat.browser
Symlinking /home/li/kkfly_backup_ordner/kkfly/catkin_ws/devel/lib/simulation/FPSdemo1_Data/MonoBleedingEdge/etc/mono/mconfig/config.xml
Symlinking /home/li/kkfly_backup_ordner/kkfly/catkin_ws/devel/lib/simulation/FPSdemo1_Data/MonoBleedingEdge/x86_64/libMonoPosixHelper.so
Symlinking /home/li/kkfly_backup_ordner/kkfly/catkin_ws/devel/lib/simulation/FPSdemo1_Data/MonoBleedingEdge/x86_64/libmonobdwgc-2.0.so
Symlinking /home/li/kkfly_backup_ordner/kkfly/catkin_ws/devel/share/simulation/cmake/simulationConfig.cmake
Symlinking /home/li/kkfly_backup_ordner/kkfly/catkin_ws/devel/share/simulation/cmake/simulationConfig-version.cmake
Symlinking /home/li/kkfly_backup_ordner/kkfly/catkin_ws/devel/include/libsocket/unixdgram.hpp
Symlinking /home/li/kkfly_backup_ordner/kkfly/catkin_ws/devel/include/libsocket/exception.hpp
Symlinking /home/li/kkfly_backup_ordner/kkfly/catkin_ws/devel/include/libsocket/inetclientdgram.hpp
Symlinking /home/li/kkfly_backup_ordner/kkfly/catkin_ws/devel/include/libsocket/libinetsocket.h
Symlinking /home/li/kkfly_backup_ordner/kkfly/catkin_ws/devel/include/libsocket/unixserverstream.hpp
Symlinking /home/li/kkfly_backup_ordner/kkfly/catkin_ws/devel/include/libsocket/dgramclient.hpp
Symlinking /home/li/kkfly_backup_ordner/kkfly/catkin_ws/devel/include/libsocket/streamclient.hpp
Symlinking /home/li/kkfly_backup_ordner/kkfly/catkin_ws/devel/include/libsocket/inetserverstream.hpp
Symlinking /home/li/kkfly_backup_ordner/kkfly/catkin_ws/devel/include/libsocket/unixclientdgram.hpp
Symlinking /home/li/kkfly_backup_ordner/kkfly/catkin_ws/devel/include/libsocket/socket.hpp
Symlinking /home/li/kkfly_backup_ordner/kkfly/catkin_ws/devel/include/libsocket/inetbase.hpp
Symlinking /home/li/kkfly_backup_ordner/kkfly/catkin_ws/devel/include/libsocket/inetserverdgram.hpp
Symlinking /home/li/kkfly_backup_ordner/kkfly/catkin_ws/devel/include/libsocket/unixclientstream.hpp
Symlinking /home/li/kkfly_backup_ordner/kkfly/catkin_ws/devel/include/libsocket/libunixsocket.h
Symlinking /home/li/kkfly_backup_ordner/kkfly/catkin_ws/devel/include/libsocket/select.hpp
Symlinking /home/li/kkfly_backup_ordner/kkfly/catkin_ws/devel/include/libsocket/inetclientstream.hpp
Symlinking /home/li/kkfly_backup_ordner/kkfly/catkin_ws/devel/include/libsocket/unixbase.hpp
Symlinking /home/li/kkfly_backup_ordner/kkfly/catkin_ws/devel/include/libsocket/unixserverdgram.hpp
Symlinking /home/li/kkfly_backup_ordner/kkfly/catkin_ws/devel/include/libsocket/inetdgram.hpp
Symlinking /home/li/kkfly_backup_ordner/kkfly/catkin_ws/devel/include/libsocket/dgramoverstream.hpp
Symlinking /home/li/kkfly_backup_ordner/kkfly/catkin_ws/devel/include/libsocket/framing.hpp
Symlinking /home/li/kkfly_backup_ordner/kkfly/catkin_ws/devel/include/libsocket/epoll.hpp
